app/build/outputs/mapping/release/missing_rules.txt
# Please add these rules to your existing keep rules in order to suppress warnings.
# This is generated automatically by the Android Gradle plugin.
-dontwarn com.google.firebase.messaging.TopicOperation$TopicOperations