app/build/outputs/mapping/release/seeds.txt
com.data.fzplayer.appinfo.WhatsNew
com.data.fzplayer.fzplayer.PrivacyActivity
com.data.fzplayer.fzplayer.SplashScreenActivity
com.data.fzplayer.fzstream.StreamFromUrl
com.data.fzplayer.fzstream.GetUrlFromUser
com.data.fzplayer.fzplayer.MainActivity
com.data.fzplayer.fzplayer.FolderActivity
com.data.fzplayer.appinfo.AppLicense
com.data.fzplayer.fzplayer.NavigationBar
com.data.fzplayer.fzmusicplayer.MusicPlayerActivity
com.data.fzplayer.fzstream.PlayStreamingVideo
com.data.fzplayer.fzplayer.DeleteItemsActivity
com.data.fzplayer.fzplayer.MediaActivity
com.data.fzplayer.appinfo.VersionLog
com.data.fzplayer.appinfo.AppInfo
com.data.fzplayer.fzmusicplayer.MainActivity
com.data.fzplayer.appinfo.FeedBackIssues
com.data.fzplayer.appinfo.HelpActivity
com.data.fzplayer.fzplayer.SoundView
com.data.fzplayer.fzplayer.SettingsActivity
com.data.fzplayer.fzplayer.MainActivity: void startFromBegin(android.view.View)
com.data.fzplayer.fzplayer.SoundView: void setViewbackgroundcolor(int)
com.data.fzplayer.appinfo.FeedBackIssues: FeedBackIssues()
com.data.fzplayer.fzplayer.SplashScreenActivity: SplashScreenActivity()
com.data.fzplayer.fzplayer.DeleteItemsActivity: DeleteItemsActivity()
com.data.fzplayer.fzplayer.SoundView: void setOnsoundProgressChangeListner(com.data.fzplayer.fzplayer.SoundProgressChangeListner)
com.data.fzplayer.fzplayer.SoundView: void setCurrentblockprogesscolor(int)
com.data.fzplayer.fzplayer.SoundView: void setMaxprogress(int)
com.data.fzplayer.fzplayer.SoundView: void setProgress(int)
com.data.fzplayer.appinfo.WhatsNew: WhatsNew()
com.data.fzplayer.fzstream.GetUrlFromUser: GetUrlFromUser()
com.data.fzplayer.appinfo.HelpActivity: HelpActivity()
com.data.fzplayer.fzplayer.SoundView: int getProgress()
com.data.fzplayer.fzplayer.SoundView: void setmRoundedCorners(int)
com.data.fzplayer.fzplayer.SoundView: int getMaxprogess()
com.data.fzplayer.fzplayer.SoundView: void setStepcolor(int)
com.data.fzplayer.fzplayer.PrivacyActivity: PrivacyActivity()
com.data.fzplayer.fzplayer.SoundView: SoundView(android.content.Context,android.util.AttributeSet)
com.data.fzplayer.fzplayer.FolderActivity: FolderActivity()
com.data.fzplayer.fzplayer.SettingsActivity: SettingsActivity()
com.data.fzplayer.fzstream.StreamFromUrl: StreamFromUrl()
com.data.fzplayer.fzmusicplayer.MusicPlayerActivity: MusicPlayerActivity()
com.data.fzplayer.fzplayer.NavigationBar: NavigationBar()
com.data.fzplayer.fzplayer.MainActivity: MainActivity()
com.data.fzplayer.appinfo.VersionLog: VersionLog()
com.data.fzplayer.fzplayer.MediaActivity: MediaActivity()
com.data.fzplayer.fzmusicplayer.MainActivity: MainActivity()
com.data.fzplayer.appinfo.AppLicense: AppLicense()
com.data.fzplayer.fzplayer.SoundView: void setProgesscolor(int)
com.data.fzplayer.fzstream.PlayStreamingVideo: PlayStreamingVideo()
com.data.fzplayer.appinfo.AppInfo: AppInfo()
...
androidx.constraintlayout.widget.ConstraintLayout: int getPaddingWidth()
com.google.android.material.chip.Chip: void setIconStartPadding(float)
androidx.appcompat.widget.AppCompatTextViewAutoSizeHelper$Impl23: void computeAndSetTextDirection(android.text.StaticLayout$Builder,android.widget.TextView)
com.google.android.gms.measurement.internal.AppMeasurementDynamiteService: void resetAnalyticsData(long)
kotlin.coroutines.AbstractCoroutineContextElement: java.lang.Object fold(java.lang.Object,kotlin.jvm.functions.Function2)
androidx.appcompat.widget.LinearLayoutCompat: void setBaselineAlignedChildIndex(int)
com.google.android.material.button.MaterialButton: void setRippleColor(android.content.res.ColorStateList)
com.google.android.material.floatingactionbutton.ExtendedFloatingActionButton: com.google.android.material.animation.MotionSpec getShrinkMotionSpec()
com.google.android.material.chip.Chip: android.text.TextUtils$TruncateAt getEllipsize()
androidx.appcompat.widget.AppCompatButton: int getAutoSizeMinTextSize()
androidx.appcompat.widget.SearchView: void setOnSuggestionListener(androidx.appcompat.widget.SearchView$OnSuggestionListener)
com.google.android.material.chip.Chip: java.lang.CharSequence getAccessibilityClassName()
androidx.appcompat.widget.AppCompatButton: void setSupportAllCaps(boolean)
com.google.android.material.internal.CheckableImageButton: void setPressable(boolean)
com.google.android.material.textfield.TextInputLayout: void setHintAnimationEnabled(boolean)
androidx.appcompat.widget.AppCompatRadioButton: void setBackgroundResource(int)
com.google.android.exoplayer2.ui.PlayerControlView: void setShowFastForwardButton(boolean)
androidx.core.view.ViewCompat$Api28Impl: void removeOnUnhandledKeyEventListener(android.view.View,androidx.core.view.ViewCompat$OnUnhandledKeyEventListenerCompat)
androidx.appcompat.widget.ActionMenuView: void setPresenter(androidx.appcompat.widget.ActionMenuPresenter)
com.google.android.exoplayer2.ui.DefaultTimeBar: long getPreferredUpdateDelay()
com.google.firebase.perf.FirebasePerfRegistrar: com.google.firebase.perf.FirebasePerformance providesFirebasePerformance(com.google.firebase.components.ComponentContainer)
com.google.android.gms.measurement.internal.AppMeasurementDynamiteService: void onActivityStopped(com.google.android.gms.dynamic.IObjectWrapper,long)
androidx.appcompat.widget.AppCompatAutoCompleteTextView: AppCompatAutoCompleteTextView(android.content.Context,android.util.AttributeSet)
com.google.android.material.chip.Chip: android.content.res.ColorStateList getChipIconTint()
androidx.vectordrawable.graphics.drawable.VectorDrawableCompat$VPathRenderer: void setAlpha(float)
com.google.firebase.perf.metrics.Trace: java.lang.String getAttribute(java.lang.String)
com.google.android.material.floatingactionbutton.FloatingActionButton: android.graphics.PorterDuff$Mode getSupportBackgroundTintMode()
com.google.firebase.perf.application.AppStateUpdateHandler: AppStateUpdateHandler(com.google.firebase.perf.application.AppStateMonitor)
com.pierfrancescosoffritti.androidyoutubeplayer.core.player.views.LegacyYouTubePlayerView: com.pierfrancescosoffritti.androidyoutubeplayer.core.player.views.WebViewYouTubePlayer getYouTubePlayer$core_release()
androidx.core.view.WindowInsetsCompat$Impl: void copyRootViewBounds(android.view.View)
androidx.core.view.ViewCompat$Api16Impl: boolean hasTransientState(android.view.View)
androidx.appcompat.widget.AppCompatSpinner: void setAdapter(android.widget.Adapter)
androidx.appcompat.widget.AppCompatRadioButton: void setButtonDrawable(android.graphics.drawable.Drawable)
com.google.gson.stream.JsonToken: com.google.gson.stream.JsonToken[] values()
com.pierfrancescosoffritti.androidyoutubeplayer.core.player.views.YouTubePlayerView: YouTubePlayerView(android.content.Context,android.util.AttributeSet)